<?xml version="1.0" encoding="UTF-8"?><testsuite errors="2" failures="0" name="com.tests.SearchByKeywordTest" skipped="1" tests="3" time="0.56" timestamp="2017-03-75 11:05:18"><testcase classname="com.tests.SearchByKeywordTest" name="Searching by keyword banana should display the corresponding article"><error message="Could not instantiate class org.openqa.selenium.chrome.ChromeDriver" type="net.thucydides.core.webdriver.UnsupportedDriverException">Could not instantiate class org.openqa.selenium.chrome.ChromeDriver</error><system-err>Could not instantiate class org.openqa.selenium.chrome.ChromeDriver
com.serenity.pages.AbstractPage.navigateTo(AbstractPage.java:12)
com.serenity.steps.AbstractSteps.navigateTo(AbstractSteps.java:15)
com.tests.SearchByKeywordTest.searching_by_keyword_banana_should_display_the_corresponding_article(SearchByKeywordTest.java:32)
</system-err></testcase><testcase classname="com.tests.SearchByKeywordTest" name="Searching by ambiguious keyword should display the disambiguation page"><skipped/></testcase><testcase classname="com.tests.SearchByKeywordTest" name="Searching by keyword apple should display the corresponding article"><error message="Could not instantiate class org.openqa.selenium.chrome.ChromeDriver" type="net.thucydides.core.webdriver.UnsupportedDriverException">Could not instantiate class org.openqa.selenium.chrome.ChromeDriver</error><system-err>Could not instantiate class org.openqa.selenium.chrome.ChromeDriver
com.serenity.pages.AbstractPage.navigateTo(AbstractPage.java:12)
com.serenity.steps.AbstractSteps.navigateTo(AbstractSteps.java:15)
com.tests.SearchByKeywordTest.searching_by_keyword_apple_should_display_the_corresponding_article(SearchByKeywordTest.java:24)
</system-err></testcase></testsuite>